<?xml version="1.0" encoding="UTF-8"?>
<testsuite xmlns:xsi="http://www.w3.org/2001/XMLSchema-instance" xsi:noNamespaceSchemaLocation="https://maven.apache.org/surefire/maven-surefire-plugin/xsd/surefire-test-report.xsd" name="it.unipd.mtss.ArabsToRomansTest" time="0.047" tests="13" errors="0" skipped="0" failures="0">
  <properties>
[...]
</properties>
  <testcase name="NumberToLetter10" classname="it.unipd.mtss.ArabsToRomansTest" time="0.002"/>
  <testcase name="NumberToLetter20" classname="it.unipd.mtss.ArabsToRomansTest" time="0"/>
  <testcase name="NumberToLetter50" classname="it.unipd.mtss.ArabsToRomansTest" time="0"/>
  <testcase name="CasoParticolare4" classname="it.unipd.mtss.ArabsToRomansTest" time="0"/>
  <testcase name="CasoParticolare9" classname="it.unipd.mtss.ArabsToRomansTest" time="0"/>
  <testcase name="CasoParticolare900" classname="it.unipd.mtss.ArabsToRomansTest" time="0"/>
  <testcase name="NumberToLetter3" classname="it.unipd.mtss.ArabsToRomansTest" time="0"/>
  <testcase name="NumberToLetter6" classname="it.unipd.mtss.ArabsToRomansTest" time="0"/>
  <testcase name="CasoMax3999" classname="it.unipd.mtss.ArabsToRomansTest" time="0"/>
  <testcase name="CasoParticolare40" classname="it.unipd.mtss.ArabsToRomansTest" time="0.001"/>
  <testcase name="NumberToLetter1000" classname="it.unipd.mtss.ArabsToRomansTest" time="0"/>
  <testcase name="NumberToLetter100" classname="it.unipd.mtss.ArabsToRomansTest" time="0"/>
  <testcase name="NumberToLetter500" classname="it.unipd.mtss.ArabsToRomansTest" time="0"/>
</testsuite>